
> @azela-pos/web@1.0.0 dev /Users/soham/Desktop/K2POS/K2ChickenPOS/apps/web
> next dev -p 3001

   ▲ Next.js 14.0.4
   - Local:        http://localhost:3001

 ✓ Ready in 3.4s
 ✓ Compiled /src/middleware in 169ms (64 modules)
 ○ Compiling / ...
 ✓ Compiled / in 2.5s (451 modules)
 ✓ Compiled in 295ms (229 modules)
 ○ Compiling /login ...
 ✓ Compiled /login in 685ms (652 modules)
 ✓ Compiled /pos in 121ms (658 modules)
 ✓ Compiled /store/pos in 419ms (737 modules)
 ✓ Compiled /store/customers in 151ms (743 modules)
 ✓ Compiled /store/cart in 216ms (755 modules)
 ✓ Compiled /store in 139ms (761 modules)
 ✓ Compiled /not-found in 342ms (766 modules)
 ✓ Compiled in 952ms (756 modules)
 ✓ Compiled in 263ms (756 modules)
 ✓ Compiled in 867ms (757 modules)
 ✓ Compiled in 273ms (757 modules)
 ✓ Compiled in 337ms (757 modules)
 ✓ Compiled in 271ms (757 modules)
 ✓ Compiled in 206ms (757 modules)
 ✓ Compiled in 460ms (757 modules)
 ✓ Compiled /pos in 332ms (411 modules)
 ✓ Compiled in 840ms (757 modules)
 ✓ Compiled in 341ms (757 modules)
 ✓ Compiled in 645ms (757 modules)
 ✓ Compiled in 556ms (757 modules)
 ✓ Compiled in 222ms (757 modules)
 ✓ Compiled /pos in 257ms (411 modules)
 ✓ Compiled /store/inventory in 464ms (753 modules)
 ✓ Compiled /store/stock-ledger in 165ms (759 modules)
 ✓ Compiled /store/reports in 143ms (765 modules)
 ✓ Compiled /store/delivery in 175ms (771 modules)
 ✓ Compiled /store/daily-closing in 278ms (791 modules)
 ✓ Compiled /store/cart in 151ms (444 modules)
 ✓ Compiled in 652ms (782 modules)
 ✓ Compiled in 348ms (367 modules)
 ✓ Compiled in 270ms (782 modules)
 ✓ Compiled in 220ms (367 modules)
 ✓ Compiled in 430ms (782 modules)
 ✓ Compiled /pos in 152ms (419 modules)
 ✓ Compiled /store/cart in 207ms (425 modules)
 ✓ Compiled /store/orders in 419ms (784 modules)
 ✓ Compiled /store/inventory in 162ms (433 modules)
 ✓ Compiled in 826ms (770 modules)
 ✓ Compiled in 893ms (834 modules)
 ✓ Compiled in 597ms (770 modules)
 ✓ Compiled in 304ms (369 modules)
 ✓ Compiled in 191ms (369 modules)
 ✓ Compiled in 752ms (770 modules)
 ✓ Compiled /login in 222ms (421 modules)
 ✓ Compiled /pos in 177ms (425 modules)
 ✓ Compiled /store/pos in 161ms (429 modules)
 ✓ Compiled /store/cashier-console in 251ms (790 modules)
 ✓ Compiled /store/daily-closing in 204ms (440 modules)
 ✓ Compiled in 595ms (790 modules)
 ✓ Compiled in 613ms (371 modules)
 ✓ Compiled in 170ms (371 modules)
 ✓ Compiled in 367ms (371 modules)
 ✓ Compiled /store/cart in 338ms (425 modules)
 ○ Compiling /not-found ...
 ✓ Compiled /not-found in 694ms (801 modules)
 ✓ Compiled in 745ms (788 modules)
 ✓ Compiled in 366ms (788 modules)
 ✓ Compiled in 284ms (788 modules)
 ✓ Compiled in 960ms (788 modules)
 ✓ Compiled in 376ms (371 modules)
 ✓ Compiled in 201ms (371 modules)
 ✓ Compiled in 707ms (788 modules)
 ✓ Compiled in 374ms (788 modules)
 ✓ Compiled in 375ms (371 modules)
 ✓ Compiled in 218ms (371 modules)
 ✓ Compiled in 951ms (788 modules)
 ✓ Compiled in 389ms (788 modules)
 ✓ Compiled in 198ms (371 modules)
 ✓ Compiled in 159ms (371 modules)
 ✓ Compiled in 347ms (788 modules)
 ✓ Compiled in 820ms (788 modules)
 ✓ Compiled /not-found in 478ms (793 modules)
 ✓ Compiled /pos in 79ms (424 modules)
 ✓ Compiled /store/customers in 151ms (428 modules)
 ✓ Compiled in 660ms (797 modules)
 ✓ Compiled in 638ms (797 modules)
 ✓ Compiled in 299ms (373 modules)
 ✓ Compiled in 315ms (373 modules)
 ✓ Compiled in 346ms (373 modules)
 ✓ Compiled in 201ms (373 modules)
 ✓ Compiled in 624ms (797 modules)
 ✓ Compiled in 324ms (371 modules)
 ✓ Compiled in 206ms (371 modules)
 ✓ Compiled in 209ms (371 modules)
 ✓ Compiled in 179ms (371 modules)
 ✓ Compiled in 506ms (788 modules)
 ✓ Compiled in 681ms (371 modules)
 ✓ Compiled in 278ms (371 modules)
 ✓ Compiled in 627ms (788 modules)
 ✓ Compiled in 404ms (788 modules)
 ✓ Compiled /pos in 154ms (421 modules)
 ✓ Compiled /not-found in 371ms (783 modules)
